Thu Jul 28 2016 13:37:10 GMT-0400 (EDT): GET /about
Thu Jul 28 2016 13:37:11 GMT-0400 (EDT): GET /favicon.ico
Thu Jul 28 2016 13:42:16 GMT-0400 (EDT): GET /about
Thu Jul 28 2016 13:42:21 GMT-0400 (EDT): GET /
Thu Jul 28 2016 13:43:41 GMT-0400 (EDT): GET /help.html
Thu Jul 28 2016 13:43:46 GMT-0400 (EDT): GET /
Thu Jul 28 2016 13:46:17 GMT-0400 (EDT): GET /
Thu Jul 28 2016 13:46:42 GMT-0400 (EDT): GET /
Thu Jul 28 2016 13:46:45 GMT-0400 (EDT): GET /about
Mon Aug 01 2016 09:26:30 GMT-0400 (EDT): GET /
Mon Aug 01 2016 09:26:31 GMT-0400 (EDT): GET /favicon.ico
Fri May 18 2018 00:40:36 GMT-0700 (PDT): GET /
Fri May 18 2018 01:04:14 GMT-0700 (PDT): GET /
Fri May 18 2018 01:04:16 GMT-0700 (PDT): GET /projects
Fri May 18 2018 01:04:27 GMT-0700 (PDT): GET /
Fri May 18 2018 01:04:28 GMT-0700 (PDT): GET /about
Fri May 18 2018 01:04:29 GMT-0700 (PDT): GET /projects
Fri May 18 2018 01:04:42 GMT-0700 (PDT): GET /projects
Fri May 18 2018 01:04:49 GMT-0700 (PDT): GET /projects
Fri May 18 2018 01:04:51 GMT-0700 (PDT): GET /projects
Fri May 18 2018 01:06:18 GMT-0700 (PDT): GET /projects
Fri May 18 2018 01:06:19 GMT-0700 (PDT): GET /projects
Fri May 18 2018 01:06:21 GMT-0700 (PDT): GET /projects
Fri May 18 2018 01:06:30 GMT-0700 (PDT): GET /projects
Fri May 18 2018 01:06:31 GMT-0700 (PDT): GET /projects
Fri May 18 2018 01:06:32 GMT-0700 (PDT): GET /about
Fri May 18 2018 01:06:33 GMT-0700 (PDT): GET /
Fri May 18 2018 01:06:34 GMT-0700 (PDT): GET /projects
